Starting ChromeDriver 75.0.3770.8 (681f24ea911fe754973dda2fdc6d2a2e159dd300-refs/branch-heads/3770@{#40}) on port 9515
Only local connections are allowed.
Please protect ports used by ChromeDriver and related test frameworks to prevent access by malicious code.
[1562090611.041][INFO]: [a0321e8fa0683a837217045c99392dab] COMMAND InitSession {
   "desiredCapabilities": {
      "acceptSslCerts": true,
      "browserName": "chrome",
      "name": "Login",
      "platform": "ANY"
   }
}
[1562090611.041][INFO]: Populating Preferences file: {
   "alternate_error_pages": {
      "enabled": false
   },
   "autofill": {
      "enabled": false
   },
   "browser": {
      "check_default_browser": false
   },
   "distribution": {
      "import_bookmarks": false,
      "import_history": false,
      "import_search_engine": false,
      "make_chrome_default_for_user": false,
      "skip_first_run_ui": true
   },
   "dns_prefetching": {
      "enabled": false
   },
   "profile": {
      "content_settings": {
         "pattern_pairs": {
            "https://*,*": {
               "media-stream": {
                  "audio": "Default",
                  "video": "Default"
               }
            }
         }
      },
      "default_content_setting_values": {
         "geolocation": 1
      },
      "default_content_settings": {
         "geolocation": 1,
         "mouselock": 1,
         "notifications": 1,
         "popups": 1,
         "ppapi-broker": 1
      },
      "password_manager_enabled": false
   },
   "safebrowsing": {
      "enabled": false
   },
   "search": {
      "suggest_enabled": false
   },
   "translate": {
      "enabled": false
   }
}
[1562090611.041][INFO]: Populating Local State file: {
   "background_mode": {
      "enabled": false
   },
   "ssl": {
      "rev_checking": {
         "enabled": false
      }
   }
}
[1562090611.041][INFO]: Launching chrome: /usr/bin/google-chrome --disable-background-networking --disable-client-side-phishing-detection --disable-default-apps --disable-hang-monitor --disable-popup-blocking --disable-prompt-on-repost --disable-sync --disable-web-resources --enable-automation --enable-blink-features=ShadowDOMV0 --enable-logging --force-fieldtrials=SiteIsolationExtensions/Control --ignore-certificate-errors --load-extension=/tmp/.com.google.Chrome.feWa1x/internal --log-level=0 --no-first-run --password-store=basic --remote-debugging-port=0 --test-type=webdriver --use-mock-keychain --user-data-dir=/tmp/.com.google.Chrome.1L2jpT data:,

(google-chrome:24446): Gtk-WARNING **: 20:03:31.163: Theme parsing error: gtk.css:68:35: The style property GtkButton:child-displacement-x is deprecated and shouldn't be used anymore. It will be removed in a future version

(google-chrome:24446): Gtk-WARNING **: 20:03:31.163: Theme parsing error: gtk.css:69:35: The style property GtkButton:child-displacement-y is deprecated and shouldn't be used anymore. It will be removed in a future version

(google-chrome:24446): Gtk-WARNING **: 20:03:31.163: Theme parsing error: gtk.css:73:46: The style property GtkScrolledWindow:scrollbars-within-bevel is deprecated and shouldn't be used anymore. It will be removed in a future version

DevTools listening on ws://127.0.0.1:34203/devtools/browser/cab631a1-411c-4fbe-9245-6ed73a6d8b00
[1562090611.494][DEBUG]: DevTools HTTP Request: http://localhost:34203/json/version
[1562090611.541][DEBUG]: DevTools HTTP Response: {
   "Browser": "Chrome/75.0.3770.100",
   "Protocol-Version": "1.3",
   "User-Agent": "Mozilla/5.0 (X11; Linux x86_64) AppleWebKit/537.36 (KHTML, like Gecko) Chrome/75.0.3770.100 Safari/537.36",
   "V8-Version": "7.5.288.23",
   "WebKit-Version": "537.36 (@cd0b15c8b6a4e70c44e27f35c37a4029bad3e3b0)",
   "webSocketDebuggerUrl": "ws://localhost:34203/devtools/browser/cab631a1-411c-4fbe-9245-6ed73a6d8b00"
}

[1562090611.541][DEBUG]: DevTools HTTP Request: http://localhost:34203/json
[1562090611.547][DEBUG]: DevTools HTTP Response: [ {
   "description": "",
   "devtoolsFrontendUrl": "/devtools/inspector.html?ws=localhost:34203/devtools/page/90CBDD1E27AF0784AF432AB1691A2B06",
   "id": "90CBDD1E27AF0784AF432AB1691A2B06",
   "title": "Chrome Automation Extension",
   "type": "background_page",
   "url": "chrome-extension://aapnijgdinlhnhlmodcfapnahmbfebeb/_generated_background_page.html",
   "webSocketDebuggerUrl": "ws://localhost:34203/devtools/page/90CBDD1E27AF0784AF432AB1691A2B06"
}, {
   "description": "",
   "devtoolsFrontendUrl": "/devtools/inspector.html?ws=localhost:34203/devtools/page/B2111137A4A9955AEF02AF679EAE65A6",
   "id": "B2111137A4A9955AEF02AF679EAE65A6",
   "title": "",
   "type": "page",
   "url": "data:,",
   "webSocketDebuggerUrl": "ws://localhost:34203/devtools/page/B2111137A4A9955AEF02AF679EAE65A6"
} ]

[1562090611.547][DEBUG]: DevTools HTTP Request: http://localhost:34203/json
[1562090611.550][DEBUG]: DevTools HTTP Response: [ {
   "description": "",
   "devtoolsFrontendUrl": "/devtools/inspector.html?ws=localhost:34203/devtools/page/90CBDD1E27AF0784AF432AB1691A2B06",
   "id": "90CBDD1E27AF0784AF432AB1691A2B06",
   "title": "Chrome Automation Extension",
   "type": "background_page",
   "url": "chrome-extension://aapnijgdinlhnhlmodcfapnahmbfebeb/_generated_background_page.html",
   "webSocketDebuggerUrl": "ws://localhost:34203/devtools/page/90CBDD1E27AF0784AF432AB1691A2B06"
}, {
   "description": "",
   "devtoolsFrontendUrl": "/devtools/inspector.html?ws=localhost:34203/devtools/page/B2111137A4A9955AEF02AF679EAE65A6",
   "id": "B2111137A4A9955AEF02AF679EAE65A6",
   "title": "",
   "type": "page",
   "url": "data:,",
   "webSocketDebuggerUrl": "ws://localhost:34203/devtools/page/B2111137A4A9955AEF02AF679EAE65A6"
} ]

[1562090611.551][INFO]: resolved localhost to ["127.0.0.1"]
[24487:24487:0702/200331.551607:ERROR:buffer_manager.cc(488)] [.DisplayCompositor]GL ERROR :GL_INVALID_OPERATION : glBufferData: <- error from previous GL command
[1562090611.552][DEBUG]: DevTools WebSocket Command: Log.enable (id=1) B2111137A4A9955AEF02AF679EAE65A6 {

}
[1562090611.554][DEBUG]: DevTools WebSocket Command: DOM.getDocument (id=2) B2111137A4A9955AEF02AF679EAE65A6 {

}
[1562090611.554][DEBUG]: DevTools WebSocket Command: Target.setAutoAttach (id=3) B2111137A4A9955AEF02AF679EAE65A6 {
   "autoAttach": true,
   "waitForDebuggerOnStart": false
}
[1562090611.555][DEBUG]: DevTools WebSocket Command: Page.enable (id=4) B2111137A4A9955AEF02AF679EAE65A6 {

}
[1562090611.555][DEBUG]: DevTools WebSocket Command: Page.enable (id=5) B2111137A4A9955AEF02AF679EAE65A6 {

}
[1562090611.564][DEBUG]: DevTools WebSocket Response: Log.enable (id=1) B2111137A4A9955AEF02AF679EAE65A6 {

}
[1562090611.564][DEBUG]: DevTools WebSocket Response: DOM.getDocument (id=2) B2111137A4A9955AEF02AF679EAE65A6 {
   "root": {
      "backendNodeId": 2,
      "baseURL": "data:,",
      "childNodeCount": 0,
      "children": [  ],
      "documentURL": "data:,",
      "localName": "",
      "nodeId": 1,
      "nodeName": "#document",
      "nodeType": 9,
      "nodeValue": "",
      "xmlVersion": ""
   }
}
[1562090611.564][DEBUG]: DevTools WebSocket Response: Target.setAutoAttach (id=3) B2111137A4A9955AEF02AF679EAE65A6 {

}
[1562090611.564][DEBUG]: DevTools WebSocket Response: Page.enable (id=4) B2111137A4A9955AEF02AF679EAE65A6 {

}
[1562090611.564][DEBUG]: DevTools WebSocket Response: Page.enable (id=5) B2111137A4A9955AEF02AF679EAE65A6 {

}
[1562090611.564][DEBUG]: DevTools WebSocket Command: Runtime.enable (id=6) B2111137A4A9955AEF02AF679EAE65A6 {

}
[1562090611.565][DEBUG]: DevTools WebSocket Event: DOM.childNodeInserted B2111137A4A9955AEF02AF679EAE65A6 {
   "node": {
      "attributes": [  ],
      "backendNodeId": 3,
      "childNodeCount": 0,
      "frameId": "B2111137A4A9955AEF02AF679EAE65A6",
      "localName": "html",
      "nodeId": 2,
      "nodeName": "HTML",
      "nodeType": 1,
      "nodeValue": ""
   },
   "parentNodeId": 1,
   "previousNodeId": 0
}
[1562090611.565][DEBUG]: DevTools WebSocket Event: DOM.childNodeCountUpdated B2111137A4A9955AEF02AF679EAE65A6 {
   "childNodeCount": 1,
   "nodeId": 2
}
[1562090611.565][DEBUG]: DevTools WebSocket Event: DOM.childNodeCountUpdated B2111137A4A9955AEF02AF679EAE65A6 {
   "childNodeCount": 2,
   "nodeId": 2
}
[1562090611.565][DEBUG]: DevTools WebSocket Event: Page.loadEventFired B2111137A4A9955AEF02AF679EAE65A6 {
   "timestamp": 20866.822168
}
[1562090611.565][DEBUG]: DevTools WebSocket Event: Page.frameStoppedLoading B2111137A4A9955AEF02AF679EAE65A6 {
   "frameId": "B2111137A4A9955AEF02AF679EAE65A6"
}
[1562090611.565][DEBUG]: DevTools WebSocket Event: DOM.documentUpdated B2111137A4A9955AEF02AF679EAE65A6 {

}
[1562090611.565][DEBUG]: DevTools WebSocket Command: DOM.getDocument (id=7) B2111137A4A9955AEF02AF679EAE65A6 {

}
[1562090611.565][DEBUG]: DevTools WebSocket Event: Page.domContentEventFired B2111137A4A9955AEF02AF679EAE65A6 {
   "timestamp": 20866.822598
}
[1562090611.565][DEBUG]: DevTools WebSocket Event: Page.frameResized B2111137A4A9955AEF02AF679EAE65A6 {

}
[1562090611.571][DEBUG]: DevTools WebSocket Event: Runtime.executionContextCreated B2111137A4A9955AEF02AF679EAE65A6 {
   "context": {
      "auxData": {
         "frameId": "B2111137A4A9955AEF02AF679EAE65A6",
         "isDefault": true,
         "type": "default"
      },
      "id": 1,
      "name": "",
      "origin": "://"
   }
}
[1562090611.571][DEBUG]: DevTools WebSocket Response: Runtime.enable (id=6) B2111137A4A9955AEF02AF679EAE65A6 {

}
[1562090611.571][DEBUG]: DevTools WebSocket Response: DOM.getDocument (id=7) B2111137A4A9955AEF02AF679EAE65A6 {
   "root": {
      "backendNodeId": 2,
      "baseURL": "data:,",
      "childNodeCount": 1,
      "children": [ {
         "attributes": [  ],
         "backendNodeId": 3,
         "childNodeCount": 2,
         "children": [ {
            "attributes": [  ],
            "backendNodeId": 4,
            "childNodeCount": 0,
            "localName": "head",
            "nodeId": 5,
            "nodeName": "HEAD",
            "nodeType": 1,
            "nodeValue": "",
            "parentId": 4
         }, {
            "attributes": [  ],
            "backendNodeId": 5,
            "childNodeCount": 0,
            "localName": "body",
            "nodeId": 6,
            "nodeName": "BODY",
            "nodeType": 1,
            "nodeValue": "",
            "parentId": 4
         } ],
         "frameId": "B2111137A4A9955AEF02AF679EAE65A6",
         "localName": "html",
         "nodeId": 4,
         "nodeName": "HTML",
         "nodeType": 1,
         "nodeValue": "",
         "parentId": 3
      } ],
      "documentURL": "data:,",
      "localName": "",
      "nodeId": 3,
      "nodeName": "#document",
      "nodeType": 9,
      "nodeValue": "",
      "xmlVersion": ""
   }
}
[1562090611.571][DEBUG]: DevTools WebSocket Command: Page.enable (id=8) B2111137A4A9955AEF02AF679EAE65A6 {

}
[1562090611.573][DEBUG]: DevTools WebSocket Response: Page.enable (id=8) B2111137A4A9955AEF02AF679EAE65A6 {

}
[1562090611.573][DEBUG]: DevTools WebSocket Command: Runtime.enable (id=9) B2111137A4A9955AEF02AF679EAE65A6 {

}
[1562090611.573][DEBUG]: DevTools WebSocket Response: Runtime.enable (id=9) B2111137A4A9955AEF02AF679EAE65A6 {

}
[1562090611.574][DEBUG]: DevTools WebSocket Command: Runtime.evaluate (id=10) B2111137A4A9955AEF02AF679EAE65A6 {
   "expression": "(function() { // Copyright (c) 2012 The Chromium Authors. All rights reserved.\n// Use of this source code is governed by a BSD-style license that can be\n// found in the LICENSE file.\n\n/**\n * Enum f...",
   "returnByValue": true
}
[1562090611.578][DEBUG]: DevTools WebSocket Response: Runtime.evaluate (id=10) B2111137A4A9955AEF02AF679EAE65A6 {
   "result": {
      "type": "object",
      "value": {
         "status": 0,
         "value": 1
      }
   }
}
[1562090611.578][INFO]: [a0321e8fa0683a837217045c99392dab] RESPONSE InitSession {
   "acceptInsecureCerts": false,
   "acceptSslCerts": false,
   "applicationCacheEnabled": false,
   "browserConnectionEnabled": false,
   "browserName": "chrome",
   "chrome": {
      "chromedriverVersion": "75.0.3770.8 (681f24ea911fe754973dda2fdc6d2a2e159dd300-refs/branch-heads/3770@{#40})",
      "userDataDir": "/tmp/.com.google.Chrome.1L2jpT"
   },
   "cssSelectorsEnabled": true,
   "databaseEnabled": false,
   "goog:chromeOptions": {
      "debuggerAddress": "localhost:34203"
   },
   "handlesAlerts": true,
   "hasTouchScreen": false,
   "javascriptEnabled": true,
   "locationContextEnabled": true,
   "mobileEmulationEnabled": false,
   "nativeEvents": true,
   "networkConnectionEnabled": false,
   "pageLoadStrategy": "normal",
   "platform": "Linux",
   "proxy": {

   },
   "~~~": "..."
}
[1562090611.591][INFO]: [a0321e8fa0683a837217045c99392dab] COMMAND Navigate {
   "url": "http://localhost:3000/login"
}
[1562090611.591][INFO]: Waiting for pending navigations...
[1562090611.592][DEBUG]: DevTools WebSocket Command: Runtime.evaluate (id=11) B2111137A4A9955AEF02AF679EAE65A6 {
   "expression": "1"
}
[1562090611.592][DEBUG]: DevTools WebSocket Response: Runtime.evaluate (id=11) B2111137A4A9955AEF02AF679EAE65A6 {
   "result": {
      "description": "1",
      "type": "number",
      "value": 1
   }
}
[1562090611.592][INFO]: Done waiting for pending navigations. Status: ok
[1562090611.592][DEBUG]: DevTools WebSocket Command: Page.navigate (id=12) B2111137A4A9955AEF02AF679EAE65A6 {
   "url": "http://localhost:3000/login"
}
[1562090611.619][DEBUG]: DevTools WebSocket Response: Page.navigate (id=12) B2111137A4A9955AEF02AF679EAE65A6 {
   "frameId": "B2111137A4A9955AEF02AF679EAE65A6",
   "loaderId": "F3380B03781645D2788420C3C4FA1DAB"
}
[1562090611.619][DEBUG]: DevTools WebSocket Command: Runtime.evaluate (id=13) B2111137A4A9955AEF02AF679EAE65A6 {
   "expression": "document.URL"
}
[1562090611.620][DEBUG]: DevTools WebSocket Event: Runtime.executionContextsCleared B2111137A4A9955AEF02AF679EAE65A6 {

}
[1562090611.631][DEBUG]: DevTools WebSocket Event: Page.frameStartedLoading B2111137A4A9955AEF02AF679EAE65A6 {
   "frameId": "B2111137A4A9955AEF02AF679EAE65A6"
}
[1562090611.631][DEBUG]: DevTools WebSocket Event: Runtime.executionContextsCleared B2111137A4A9955AEF02AF679EAE65A6 {

}
[1562090611.631][DEBUG]: DevTools WebSocket Event: Page.frameNavigated B2111137A4A9955AEF02AF679EAE65A6 {
   "frame": {
      "id": "B2111137A4A9955AEF02AF679EAE65A6",
      "loaderId": "F3380B03781645D2788420C3C4FA1DAB",
      "mimeType": "text/html",
      "securityOrigin": "http://localhost:3000",
      "url": "http://localhost:3000/login"
   }
}
[1562090611.631][DEBUG]: DevTools WebSocket Event: Runtime.executionContextCreated B2111137A4A9955AEF02AF679EAE65A6 {
   "context": {
      "auxData": {
         "frameId": "B2111137A4A9955AEF02AF679EAE65A6",
         "isDefault": true,
         "type": "default"
      },
      "id": 1,
      "name": "",
      "origin": "http://localhost:3000"
   }
}
[1562090611.631][DEBUG]: DevTools WebSocket Event: DOM.documentUpdated B2111137A4A9955AEF02AF679EAE65A6 {

}
[1562090611.631][DEBUG]: DevTools WebSocket Command: DOM.getDocument (id=14) B2111137A4A9955AEF02AF679EAE65A6 {

}
[1562090611.636][DEBUG]: DevTools WebSocket Response: Runtime.evaluate (id=13) B2111137A4A9955AEF02AF679EAE65A6 {
   "result": {
      "type": "string",
      "value": "http://localhost:3000/login"
   }
}
[1562090611.669][DEBUG]: DevTools WebSocket Response: DOM.getDocument (id=14) B2111137A4A9955AEF02AF679EAE65A6 {
   "root": {
      "backendNodeId": 1,
      "baseURL": "http://localhost:3000/login",
      "childNodeCount": 2,
      "children": [ {
         "backendNodeId": 2,
         "localName": "",
         "nodeId": 2,
         "nodeName": "html",
         "nodeType": 10,
         "nodeValue": "",
         "parentId": 1,
         "publicId": "",
         "systemId": ""
      }, {
         "attributes": [ "data-n-head-ssr", "", "data-n-head", "" ],
         "backendNodeId": 3,
         "childNodeCount": 2,
         "children": [ {
            "attributes": [ "data-n-head", "" ],
            "backendNodeId": 4,
            "childNodeCount": 14,
            "localName": "head",
            "nodeId": 4,
            "nodeName": "HEAD",
            "nodeType": 1,
            "nodeValue": "",
            "parentId": 3
         }, {
            "attributes": [ "data-n-head", "" ],
            "backendNodeId": 5,
            "childNodeCount": 7,
            "localName": "body",
            "nodeId": 5,
            "nodeName": "BODY",
            "nodeType": 1,
            "nodeValue": "",
            "parentId": 3
         } ],
         "frameId": "B2111137A4A9955AEF02AF679EAE65A6",
         "localName": "html",
         "nodeId": 3,
         "nodeName": "HTML",
         "nodeType": 1,
         "nodeValue": "",
         "parentId": 1
      } ],
      "documentURL": "http://localhost:3000/login",
      "localName": "",
      "nodeId": 1,
      "nodeName": "#document",
      "nodeType": 9,
      "nodeValue": "",
      "xmlVersion": ""
   }
}
[1562090611.669][INFO]: Waiting for pending navigations...
[1562090611.669][DEBUG]: DevTools WebSocket Command: Runtime.evaluate (id=15) B2111137A4A9955AEF02AF679EAE65A6 {
   "expression": "1"
}
[1562090611.674][DEBUG]: DevTools WebSocket Event: Page.frameResized B2111137A4A9955AEF02AF679EAE65A6 {

}
[1562090611.683][DEBUG]: DevTools WebSocket Response: Runtime.evaluate (id=15) B2111137A4A9955AEF02AF679EAE65A6 {
   "result": {
      "description": "1",
      "type": "number",
      "value": 1
   }
}
[1562090611.776][DEBUG]: DevTools WebSocket Event: DOM.childNodeCountUpdated B2111137A4A9955AEF02AF679EAE65A6 {
   "childNodeCount": 15,
   "nodeId": 4
}
[1562090611.776][DEBUG]: DevTools WebSocket Event: DOM.childNodeCountUpdated B2111137A4A9955AEF02AF679EAE65A6 {
   "childNodeCount": 14,
   "nodeId": 4
}
[1562090611.776][DEBUG]: DevTools WebSocket Event: DOM.childNodeCountUpdated B2111137A4A9955AEF02AF679EAE65A6 {
   "childNodeCount": 15,
   "nodeId": 4
}
[1562090611.776][DEBUG]: DevTools WebSocket Event: DOM.childNodeCountUpdated B2111137A4A9955AEF02AF679EAE65A6 {
   "childNodeCount": 14,
   "nodeId": 4
}
[1562090611.776][DEBUG]: DevTools WebSocket Event: DOM.childNodeCountUpdated B2111137A4A9955AEF02AF679EAE65A6 {
   "childNodeCount": 15,
   "nodeId": 4
}
[1562090611.776][DEBUG]: DevTools WebSocket Event: DOM.childNodeCountUpdated B2111137A4A9955AEF02AF679EAE65A6 {
   "childNodeCount": 14,
   "nodeId": 4
}
[1562090611.776][DEBUG]: DevTools WebSocket Event: DOM.childNodeCountUpdated B2111137A4A9955AEF02AF679EAE65A6 {
   "childNodeCount": 15,
   "nodeId": 4
}
[1562090611.776][DEBUG]: DevTools WebSocket Event: Page.navigatedWithinDocument B2111137A4A9955AEF02AF679EAE65A6 {
   "frameId": "B2111137A4A9955AEF02AF679EAE65A6",
   "url": "http://localhost:3000/login"
}
[1562090611.776][DEBUG]: DevTools WebSocket Event: DOM.childNodeCountUpdated B2111137A4A9955AEF02AF679EAE65A6 {
   "childNodeCount": 14,
   "nodeId": 4
}
[1562090611.776][DEBUG]: DevTools WebSocket Event: DOM.childNodeCountUpdated B2111137A4A9955AEF02AF679EAE65A6 {
   "childNodeCount": 15,
   "nodeId": 4
}
[1562090611.777][DEBUG]: DevTools WebSocket Event: Log.entryAdded B2111137A4A9955AEF02AF679EAE65A6 {
   "entry": {
      "args": [ {
         "className": "HTMLInputElement",
         "description": "input",
         "objectId": "{\"injectedScriptId\":1,\"id\":1}",
         "subtype": "node",
         "type": "object"
      } ],
      "level": "verbose",
      "source": "recommendation",
      "text": "[DOM] Input elements should have autocomplete attributes (suggested: \"current-password\"): (More info: https://goo.gl/9p2vKq) %o",
      "timestamp": 1562090611775.98,
      "url": "http://localhost:3000/login"
   }
}
[1562090611.777][DEBUG]: DevTools WebSocket Command: Runtime.evaluate (id=16) B2111137A4A9955AEF02AF679EAE65A6 {
   "expression": "1"
}
[1562090611.777][DEBUG]: DevTools WebSocket Event: DOM.documentUpdated B2111137A4A9955AEF02AF679EAE65A6 {

}
[1562090611.777][DEBUG]: DevTools WebSocket Command: DOM.getDocument (id=17) B2111137A4A9955AEF02AF679EAE65A6 {

}
[1562090611.777][DEBUG]: DevTools WebSocket Event: Page.domContentEventFired B2111137A4A9955AEF02AF679EAE65A6 {
   "timestamp": 20867.036819
}
[1562090611.780][DEBUG]: DevTools WebSocket Event: Page.frameResized B2111137A4A9955AEF02AF679EAE65A6 {

}
[1562090611.781][DEBUG]: DevTools WebSocket Event: Page.loadEventFired B2111137A4A9955AEF02AF679EAE65A6 {
   "timestamp": 20867.040484
}
[1562090611.781][DEBUG]: DevTools WebSocket Event: Page.frameStoppedLoading B2111137A4A9955AEF02AF679EAE65A6 {
   "frameId": "B2111137A4A9955AEF02AF679EAE65A6"
}
[1562090611.782][DEBUG]: DevTools WebSocket Event: Runtime.consoleAPICalled B2111137A4A9955AEF02AF679EAE65A6 {
   "args": [ {
      "type": "string",
      "value": "%cinfo"
   }, {
      "type": "string",
      "value": "\n      background: #00BCD4;\n      border-radius: 0.5em;\n      color: white;\n      font-weight: bold;\n      padding: 2px 0.5em;\n    "
   }, {
      "type": "string",
      "value": "Download the Vue Devtools extension for a better development experience:\nhttps://github.com/vuejs/vue-devtools"
   } ],
   "executionContextId": 1,
   "stackTrace": {
      "callFrames": [ {
         "columnNumber": 6022,
         "functionName": "value",
         "lineNumber": 197,
         "scriptId": "17",
         "url": "http://localhost:3000/_nuxt/vendors.app.js"
      }, {
         "columnNumber": 4437,
         "functionName": "value",
         "lineNumber": 197,
         "scriptId": "17",
         "url": "http://localhost:3000/_nuxt/vendors.app.js"
      }, {
         "columnNumber": 4286,
         "functionName": "value",
         "lineNumber": 197,
         "scriptId": "17",
         "url": "http://localhost:3000/_nuxt/vendors.app.js"
      }, {
         "columnNumber": 3694,
         "functionName": "",
         "lineNumber": 197,
         "scriptId": "17",
         "url": "http://localhost:3000/_nuxt/vendors.app.js"
      }, {
         "columnNumber": 46,
         "functionName": "",
         "lineNumber": 19772,
         "scriptId": "16",
         "url": "http://localhost:3000/_nuxt/commons.app.js"
      } ]
   },
   "timestamp": 1562090611781.5508,
   "type": "log"
}
[1562090611.783][DEBUG]: DevTools WebSocket Event: Runtime.consoleAPICalled B2111137A4A9955AEF02AF679EAE65A6 {
   "args": [ {
      "type": "string",
      "value": "%cinfo"
   }, {
      "type": "string",
      "value": "\n      background: #00BCD4;\n      border-radius: 0.5em;\n      color: white;\n      font-weight: bold;\n      padding: 2px 0.5em;\n    "
   }, {
      "type": "string",
      "value": "You are running Vue in development mode.\nMake sure to turn on production mode when deploying for production.\nSee more tips at https://vuejs.org/guide/deployment.html"
   } ],
   "executionContextId": 1,
   "stackTrace": {
      "callFrames": [ {
         "columnNumber": 6022,
         "functionName": "value",
         "lineNumber": 197,
         "scriptId": "17",
         "url": "http://localhost:3000/_nuxt/vendors.app.js"
      }, {
         "columnNumber": 4437,
         "functionName": "value",
         "lineNumber": 197,
         "scriptId": "17",
         "url": "http://localhost:3000/_nuxt/vendors.app.js"
      }, {
         "columnNumber": 4286,
         "functionName": "value",
         "lineNumber": 197,
         "scriptId": "17",
         "url": "http://localhost:3000/_nuxt/vendors.app.js"
      }, {
         "columnNumber": 3694,
         "functionName": "",
         "lineNumber": 197,
         "scriptId": "17",
         "url": "http://localhost:3000/_nuxt/vendors.app.js"
      }, {
         "columnNumber": 44,
         "functionName": "",
         "lineNumber": 19782,
         "scriptId": "16",
         "url": "http://localhost:3000/_nuxt/commons.app.js"
      } ]
   },
   "timestamp": 1562090611782.191,
   "type": "log"
}
[1562090611.783][DEBUG]: DevTools WebSocket Response: Runtime.evaluate (id=16) B2111137A4A9955AEF02AF679EAE65A6 {
   "result": {
      "description": "1",
      "type": "number",
      "value": 1
   }
}
[1562090611.783][DEBUG]: DevTools WebSocket Response: DOM.getDocument (id=17) B2111137A4A9955AEF02AF679EAE65A6 {
   "root": {
      "backendNodeId": 1,
      "baseURL": "http://localhost:3000/login",
      "childNodeCount": 2,
      "children": [ {
         "backendNodeId": 2,
         "localName": "",
         "nodeId": 7,
         "nodeName": "html",
         "nodeType": 10,
         "nodeValue": "",
         "parentId": 6,
         "publicId": "",
         "systemId": ""
      }, {
         "attributes": [ "data-n-head", "" ],
         "backendNodeId": 3,
         "childNodeCount": 2,
         "children": [ {
            "attributes": [ "data-n-head", "" ],
            "backendNodeId": 4,
            "childNodeCount": 15,
            "localName": "head",
            "nodeId": 9,
            "nodeName": "HEAD",
            "nodeType": 1,
            "nodeValue": "",
            "parentId": 8
         }, {
            "attributes": [ "data-n-head", "" ],
            "backendNodeId": 5,
            "childNodeCount": 7,
            "localName": "body",
            "nodeId": 10,
            "nodeName": "BODY",
            "nodeType": 1,
            "nodeValue": "",
            "parentId": 8
         } ],
         "frameId": "B2111137A4A9955AEF02AF679EAE65A6",
         "localName": "html",
         "nodeId": 8,
         "nodeName": "HTML",
         "nodeType": 1,
         "nodeValue": "",
         "parentId": 6
      } ],
      "documentURL": "http://localhost:3000/login",
      "localName": "",
      "nodeId": 6,
      "nodeName": "#document",
      "nodeType": 9,
      "nodeValue": "",
      "xmlVersion": ""
   }
}
[1562090611.783][INFO]: Done waiting for pending navigations. Status: ok
[1562090611.783][INFO]: [a0321e8fa0683a837217045c99392dab] RESPONSE Navigate
[1562090611.788][INFO]: [a0321e8fa0683a837217045c99392dab] COMMAND FindElements {
   "using": "css selector",
   "value": "body"
}
[1562090611.788][DEBUG]: DevTools WebSocket Event: Runtime.consoleAPICalled B2111137A4A9955AEF02AF679EAE65A6 {
   "args": [ {
      "type": "string",
      "value": "[HMR] connected"
   } ],
   "executionContextId": 1,
   "stackTrace": {
      "callFrames": [ {
         "columnNumber": 29,
         "functionName": "handleOnline",
         "lineNumber": 3008,
         "scriptId": "17",
         "url": "http://localhost:3000/_nuxt/vendors.app.js"
      } ]
   },
   "timestamp": 1562090611784.083,
   "type": "log"
}
[1562090611.788][INFO]: Waiting for pending navigations...
[1562090611.788][DEBUG]: DevTools WebSocket Command: Runtime.evaluate (id=18) B2111137A4A9955AEF02AF679EAE65A6 {
   "expression": "1"
}
[1562090611.788][DEBUG]: DevTools WebSocket Response: Runtime.evaluate (id=18) B2111137A4A9955AEF02AF679EAE65A6 {
   "result": {
      "description": "1",
      "type": "number",
      "value": 1
   }
}
[1562090611.788][INFO]: Done waiting for pending navigations. Status: ok
[1562090611.790][DEBUG]: DevTools WebSocket Command: Runtime.evaluate (id=19) B2111137A4A9955AEF02AF679EAE65A6 {
   "expression": "(function() { // Copyright (c) 2012 The Chromium Authors. All rights reserved.\n// Use of this source code is governed by a BSD-style license that can be\n// found in the LICENSE file.\n\n/**\n * Enum f...",
   "returnByValue": true
}
[1562090611.793][DEBUG]: DevTools WebSocket Event: DOM.childNodeCountUpdated B2111137A4A9955AEF02AF679EAE65A6 {
   "childNodeCount": 16,
   "nodeId": 9
}
[1562090611.793][DEBUG]: DevTools WebSocket Event: DOM.childNodeCountUpdated B2111137A4A9955AEF02AF679EAE65A6 {
   "childNodeCount": 17,
   "nodeId": 9
}
[1562090611.793][DEBUG]: DevTools WebSocket Event: DOM.childNodeCountUpdated B2111137A4A9955AEF02AF679EAE65A6 {
   "childNodeCount": 18,
   "nodeId": 9
}
[1562090611.799][DEBUG]: DevTools WebSocket Response: Runtime.evaluate (id=19) B2111137A4A9955AEF02AF679EAE65A6 {
   "result": {
      "type": "object",
      "value": {
         "status": 0,
         "value": [ {
            "ELEMENT": "0.9935089306437261-1"
         } ]
      }
   }
}
[1562090611.799][INFO]: Waiting for pending navigations...
[1562090611.799][DEBUG]: DevTools WebSocket Command: Runtime.evaluate (id=20) B2111137A4A9955AEF02AF679EAE65A6 {
   "expression": "1"
}
[1562090611.801][DEBUG]: DevTools WebSocket Event: DOM.childNodeCountUpdated B2111137A4A9955AEF02AF679EAE65A6 {
   "childNodeCount": 19,
   "nodeId": 9
}
[1562090611.801][DEBUG]: DevTools WebSocket Response: Runtime.evaluate (id=20) B2111137A4A9955AEF02AF679EAE65A6 {
   "result": {
      "description": "1",
      "type": "number",
      "value": 1
   }
}
[1562090611.801][INFO]: Done waiting for pending navigations. Status: ok
[1562090611.801][INFO]: [a0321e8fa0683a837217045c99392dab] RESPONSE FindElements [ {
   "ELEMENT": "0.9935089306437261-1"
} ]
[1562090611.803][INFO]: [a0321e8fa0683a837217045c99392dab] COMMAND IsElementDisplayed {
   "id": "0.9935089306437261-1"
}
[1562090611.803][DEBUG]: DevTools WebSocket Event: DOM.childNodeCountUpdated B2111137A4A9955AEF02AF679EAE65A6 {
   "childNodeCount": 20,
   "nodeId": 9
}
[1562090611.803][INFO]: Waiting for pending navigations...
[1562090611.803][DEBUG]: DevTools WebSocket Command: Runtime.evaluate (id=21) B2111137A4A9955AEF02AF679EAE65A6 {
   "expression": "1"
}
[1562090611.804][DEBUG]: DevTools WebSocket Response: Runtime.evaluate (id=21) B2111137A4A9955AEF02AF679EAE65A6 {
   "result": {
      "description": "1",
      "type": "number",
      "value": 1
   }
}
[1562090611.804][INFO]: Done waiting for pending navigations. Status: ok
[1562090611.805][DEBUG]: DevTools WebSocket Command: Runtime.evaluate (id=22) B2111137A4A9955AEF02AF679EAE65A6 {
   "expression": "(function() { // Copyright (c) 2012 The Chromium Authors. All rights reserved.\n// Use of this source code is governed by a BSD-style license that can be\n// found in the LICENSE file.\n\n/**\n * Enum f...",
   "returnByValue": true
}
[1562090611.812][DEBUG]: DevTools WebSocket Response: Runtime.evaluate (id=22) B2111137A4A9955AEF02AF679EAE65A6 {
   "result": {
      "type": "object",
      "value": {
         "status": 0,
         "value": true
      }
   }
}
[1562090611.812][INFO]: Waiting for pending navigations...
[1562090611.812][DEBUG]: DevTools WebSocket Command: Runtime.evaluate (id=23) B2111137A4A9955AEF02AF679EAE65A6 {
   "expression": "1"
}
[1562090611.813][DEBUG]: DevTools WebSocket Response: Runtime.evaluate (id=23) B2111137A4A9955AEF02AF679EAE65A6 {
   "result": {
      "description": "1",
      "type": "number",
      "value": 1
   }
}
[1562090611.813][INFO]: Done waiting for pending navigations. Status: ok
[1562090611.813][INFO]: [a0321e8fa0683a837217045c99392dab] RESPONSE IsElementDisplayed true
[1562090611.816][INFO]: [a0321e8fa0683a837217045c99392dab] COMMAND GetTitle {

}
[1562090611.816][INFO]: Waiting for pending navigations...
[1562090611.816][DEBUG]: DevTools WebSocket Command: Runtime.evaluate (id=24) B2111137A4A9955AEF02AF679EAE65A6 {
   "expression": "1"
}
[1562090611.817][DEBUG]: DevTools WebSocket Response: Runtime.evaluate (id=24) B2111137A4A9955AEF02AF679EAE65A6 {
   "result": {
      "description": "1",
      "type": "number",
      "value": 1
   }
}
[1562090611.817][INFO]: Done waiting for pending navigations. Status: ok
[1562090611.817][DEBUG]: DevTools WebSocket Command: Runtime.evaluate (id=25) B2111137A4A9955AEF02AF679EAE65A6 {
   "expression": "(function() { // Copyright (c) 2012 The Chromium Authors. All rights reserved.\n// Use of this source code is governed by a BSD-style license that can be\n// found in the LICENSE file.\n\n/**\n * Enum f...",
   "returnByValue": true
}
[1562090611.819][DEBUG]: DevTools WebSocket Response: Runtime.evaluate (id=25) B2111137A4A9955AEF02AF679EAE65A6 {
   "result": {
      "type": "object",
      "value": {
         "status": 0,
         "value": "nuxt-e2e-tests"
      }
   }
}
[1562090611.819][INFO]: Waiting for pending navigations...
[1562090611.819][DEBUG]: DevTools WebSocket Command: Runtime.evaluate (id=26) B2111137A4A9955AEF02AF679EAE65A6 {
   "expression": "1"
}
[1562090611.819][DEBUG]: DevTools WebSocket Response: Runtime.evaluate (id=26) B2111137A4A9955AEF02AF679EAE65A6 {
   "result": {
      "description": "1",
      "type": "number",
      "value": 1
   }
}
[1562090611.819][INFO]: Done waiting for pending navigations. Status: ok
[1562090611.819][INFO]: [a0321e8fa0683a837217045c99392dab] RESPONSE GetTitle "nuxt-e2e-tests"
[1562090611.823][INFO]: [a0321e8fa0683a837217045c99392dab] COMMAND FindElements {
   "using": "css selector",
   "value": "h1"
}
[1562090611.823][INFO]: Waiting for pending navigations...
[1562090611.823][DEBUG]: DevTools WebSocket Command: Runtime.evaluate (id=27) B2111137A4A9955AEF02AF679EAE65A6 {
   "expression": "1"
}
[1562090611.823][DEBUG]: DevTools WebSocket Response: Runtime.evaluate (id=27) B2111137A4A9955AEF02AF679EAE65A6 {
   "result": {
      "description": "1",
      "type": "number",
      "value": 1
   }
}
[1562090611.823][INFO]: Done waiting for pending navigations. Status: ok
[1562090611.825][DEBUG]: DevTools WebSocket Command: Runtime.evaluate (id=28) B2111137A4A9955AEF02AF679EAE65A6 {
   "expression": "(function() { // Copyright (c) 2012 The Chromium Authors. All rights reserved.\n// Use of this source code is governed by a BSD-style license that can be\n// found in the LICENSE file.\n\n/**\n * Enum f...",
   "returnByValue": true
}
[1562090611.832][DEBUG]: DevTools WebSocket Response: Runtime.evaluate (id=28) B2111137A4A9955AEF02AF679EAE65A6 {
   "result": {
      "type": "object",
      "value": {
         "status": 0,
         "value": [ {
            "ELEMENT": "0.9935089306437261-2"
         } ]
      }
   }
}
[1562090611.832][INFO]: Waiting for pending navigations...
[1562090611.832][DEBUG]: DevTools WebSocket Command: Runtime.evaluate (id=29) B2111137A4A9955AEF02AF679EAE65A6 {
   "expression": "1"
}
[1562090611.833][DEBUG]: DevTools WebSocket Response: Runtime.evaluate (id=29) B2111137A4A9955AEF02AF679EAE65A6 {
   "result": {
      "description": "1",
      "type": "number",
      "value": 1
   }
}
[1562090611.833][INFO]: Done waiting for pending navigations. Status: ok
[1562090611.833][INFO]: [a0321e8fa0683a837217045c99392dab] RESPONSE FindElements [ {
   "ELEMENT": "0.9935089306437261-2"
} ]
[1562090611.834][INFO]: [a0321e8fa0683a837217045c99392dab] COMMAND GetElementText {
   "id": "0.9935089306437261-2"
}
[1562090611.834][INFO]: Waiting for pending navigations...
[1562090611.834][DEBUG]: DevTools WebSocket Command: Runtime.evaluate (id=30) B2111137A4A9955AEF02AF679EAE65A6 {
   "expression": "1"
}
[1562090611.834][DEBUG]: DevTools WebSocket Response: Runtime.evaluate (id=30) B2111137A4A9955AEF02AF679EAE65A6 {
   "result": {
      "description": "1",
      "type": "number",
      "value": 1
   }
}
[1562090611.834][INFO]: Done waiting for pending navigations. Status: ok
[1562090611.836][DEBUG]: DevTools WebSocket Command: Runtime.evaluate (id=31) B2111137A4A9955AEF02AF679EAE65A6 {
   "expression": "(function() { // Copyright (c) 2012 The Chromium Authors. All rights reserved.\n// Use of this source code is governed by a BSD-style license that can be\n// found in the LICENSE file.\n\n/**\n * Enum f...",
   "returnByValue": true
}
[1562090611.847][DEBUG]: DevTools WebSocket Response: Runtime.evaluate (id=31) B2111137A4A9955AEF02AF679EAE65A6 {
   "result": {
      "type": "object",
      "value": {
         "status": 0,
         "value": "Please login to see the secret content"
      }
   }
}
[1562090611.847][INFO]: Waiting for pending navigations...
[1562090611.847][DEBUG]: DevTools WebSocket Command: Runtime.evaluate (id=32) B2111137A4A9955AEF02AF679EAE65A6 {
   "expression": "1"
}
[1562090611.847][DEBUG]: DevTools WebSocket Response: Runtime.evaluate (id=32) B2111137A4A9955AEF02AF679EAE65A6 {
   "result": {
      "description": "1",
      "type": "number",
      "value": 1
   }
}
[1562090611.848][INFO]: Done waiting for pending navigations. Status: ok
[1562090611.848][INFO]: [a0321e8fa0683a837217045c99392dab] RESPONSE GetElementText "Please login to see the secret content"
[1562090611.850][INFO]: [a0321e8fa0683a837217045c99392dab] COMMAND FindElements {
   "using": "css selector",
   "value": "input[type=text][name=username]"
}
[1562090611.850][INFO]: Waiting for pending navigations...
[1562090611.850][DEBUG]: DevTools WebSocket Command: Runtime.evaluate (id=33) B2111137A4A9955AEF02AF679EAE65A6 {
   "expression": "1"
}
[1562090611.851][DEBUG]: DevTools WebSocket Response: Runtime.evaluate (id=33) B2111137A4A9955AEF02AF679EAE65A6 {
   "result": {
      "description": "1",
      "type": "number",
      "value": 1
   }
}
[1562090611.851][INFO]: Done waiting for pending navigations. Status: ok
[1562090611.852][DEBUG]: DevTools WebSocket Command: Runtime.evaluate (id=34) B2111137A4A9955AEF02AF679EAE65A6 {
   "expression": "(function() { // Copyright (c) 2012 The Chromium Authors. All rights reserved.\n// Use of this source code is governed by a BSD-style license that can be\n// found in the LICENSE file.\n\n/**\n * Enum f...",
   "returnByValue": true
}
[1562090611.859][DEBUG]: DevTools WebSocket Response: Runtime.evaluate (id=34) B2111137A4A9955AEF02AF679EAE65A6 {
   "result": {
      "type": "object",
      "value": {
         "status": 0,
         "value": [ {
            "ELEMENT": "0.9935089306437261-3"
         } ]
      }
   }
}
[1562090611.859][INFO]: Waiting for pending navigations...
[1562090611.859][DEBUG]: DevTools WebSocket Command: Runtime.evaluate (id=35) B2111137A4A9955AEF02AF679EAE65A6 {
   "expression": "1"
}
[1562090611.860][DEBUG]: DevTools WebSocket Response: Runtime.evaluate (id=35) B2111137A4A9955AEF02AF679EAE65A6 {
   "result": {
      "description": "1",
      "type": "number",
      "value": 1
   }
}
[1562090611.860][INFO]: Done waiting for pending navigations. Status: ok
[1562090611.860][INFO]: [a0321e8fa0683a837217045c99392dab] RESPONSE FindElements [ {
   "ELEMENT": "0.9935089306437261-3"
} ]
[1562090611.861][INFO]: [a0321e8fa0683a837217045c99392dab] COMMAND IsElementDisplayed {
   "id": "0.9935089306437261-3"
}
[1562090611.861][INFO]: Waiting for pending navigations...
[1562090611.861][DEBUG]: DevTools WebSocket Command: Runtime.evaluate (id=36) B2111137A4A9955AEF02AF679EAE65A6 {
   "expression": "1"
}
[1562090611.862][DEBUG]: DevTools WebSocket Response: Runtime.evaluate (id=36) B2111137A4A9955AEF02AF679EAE65A6 {
   "result": {
      "description": "1",
      "type": "number",
      "value": 1
   }
}
[1562090611.862][INFO]: Done waiting for pending navigations. Status: ok
[1562090611.864][DEBUG]: DevTools WebSocket Command: Runtime.evaluate (id=37) B2111137A4A9955AEF02AF679EAE65A6 {
   "expression": "(function() { // Copyright (c) 2012 The Chromium Authors. All rights reserved.\n// Use of this source code is governed by a BSD-style license that can be\n// found in the LICENSE file.\n\n/**\n * Enum f...",
   "returnByValue": true
}
[1562090611.872][DEBUG]: DevTools WebSocket Response: Runtime.evaluate (id=37) B2111137A4A9955AEF02AF679EAE65A6 {
   "result": {
      "type": "object",
      "value": {
         "status": 0,
         "value": true
      }
   }
}
[1562090611.872][INFO]: Waiting for pending navigations...
[1562090611.872][DEBUG]: DevTools WebSocket Command: Runtime.evaluate (id=38) B2111137A4A9955AEF02AF679EAE65A6 {
   "expression": "1"
}
[1562090611.873][DEBUG]: DevTools WebSocket Response: Runtime.evaluate (id=38) B2111137A4A9955AEF02AF679EAE65A6 {
   "result": {
      "description": "1",
      "type": "number",
      "value": 1
   }
}
[1562090611.873][INFO]: Done waiting for pending navigations. Status: ok
[1562090611.873][INFO]: [a0321e8fa0683a837217045c99392dab] RESPONSE IsElementDisplayed true
[1562090611.876][INFO]: [a0321e8fa0683a837217045c99392dab] COMMAND FindElements {
   "using": "css selector",
   "value": "input[type=password][name=password]"
}
[1562090611.876][INFO]: Waiting for pending navigations...
[1562090611.876][DEBUG]: DevTools WebSocket Command: Runtime.evaluate (id=39) B2111137A4A9955AEF02AF679EAE65A6 {
   "expression": "1"
}
[1562090611.877][DEBUG]: DevTools WebSocket Response: Runtime.evaluate (id=39) B2111137A4A9955AEF02AF679EAE65A6 {
   "result": {
      "description": "1",
      "type": "number",
      "value": 1
   }
}
[1562090611.877][INFO]: Done waiting for pending navigations. Status: ok
[1562090611.878][DEBUG]: DevTools WebSocket Command: Runtime.evaluate (id=40) B2111137A4A9955AEF02AF679EAE65A6 {
   "expression": "(function() { // Copyright (c) 2012 The Chromium Authors. All rights reserved.\n// Use of this source code is governed by a BSD-style license that can be\n// found in the LICENSE file.\n\n/**\n * Enum f...",
   "returnByValue": true
}
[1562090611.885][DEBUG]: DevTools WebSocket Response: Runtime.evaluate (id=40) B2111137A4A9955AEF02AF679EAE65A6 {
   "result": {
      "type": "object",
      "value": {
         "status": 0,
         "value": [ {
            "ELEMENT": "0.9935089306437261-4"
         } ]
      }
   }
}
[1562090611.885][INFO]: Waiting for pending navigations...
[1562090611.885][DEBUG]: DevTools WebSocket Command: Runtime.evaluate (id=41) B2111137A4A9955AEF02AF679EAE65A6 {
   "expression": "1"
}
[1562090611.886][DEBUG]: DevTools WebSocket Response: Runtime.evaluate (id=41) B2111137A4A9955AEF02AF679EAE65A6 {
   "result": {
      "description": "1",
      "type": "number",
      "value": 1
   }
}
[1562090611.886][INFO]: Done waiting for pending navigations. Status: ok
[1562090611.886][INFO]: [a0321e8fa0683a837217045c99392dab] RESPONSE FindElements [ {
   "ELEMENT": "0.9935089306437261-4"
} ]
[1562090611.887][INFO]: [a0321e8fa0683a837217045c99392dab] COMMAND IsElementDisplayed {
   "id": "0.9935089306437261-4"
}
[1562090611.887][INFO]: Waiting for pending navigations...
[1562090611.887][DEBUG]: DevTools WebSocket Command: Runtime.evaluate (id=42) B2111137A4A9955AEF02AF679EAE65A6 {
   "expression": "1"
}
[1562090611.888][DEBUG]: DevTools WebSocket Response: Runtime.evaluate (id=42) B2111137A4A9955AEF02AF679EAE65A6 {
   "result": {
      "description": "1",
      "type": "number",
      "value": 1
   }
}
[1562090611.888][INFO]: Done waiting for pending navigations. Status: ok
[1562090611.889][DEBUG]: DevTools WebSocket Command: Runtime.evaluate (id=43) B2111137A4A9955AEF02AF679EAE65A6 {
   "expression": "(function() { // Copyright (c) 2012 The Chromium Authors. All rights reserved.\n// Use of this source code is governed by a BSD-style license that can be\n// found in the LICENSE file.\n\n/**\n * Enum f...",
   "returnByValue": true
}
[1562090611.897][DEBUG]: DevTools WebSocket Response: Runtime.evaluate (id=43) B2111137A4A9955AEF02AF679EAE65A6 {
   "result": {
      "type": "object",
      "value": {
         "status": 0,
         "value": true
      }
   }
}
[1562090611.898][INFO]: Waiting for pending navigations...
[1562090611.898][DEBUG]: DevTools WebSocket Command: Runtime.evaluate (id=44) B2111137A4A9955AEF02AF679EAE65A6 {
   "expression": "1"
}
[1562090611.898][DEBUG]: DevTools WebSocket Response: Runtime.evaluate (id=44) B2111137A4A9955AEF02AF679EAE65A6 {
   "result": {
      "description": "1",
      "type": "number",
      "value": 1
   }
}
[1562090611.898][INFO]: Done waiting for pending navigations. Status: ok
[1562090611.898][INFO]: [a0321e8fa0683a837217045c99392dab] RESPONSE IsElementDisplayed true
[1562090611.900][INFO]: [a0321e8fa0683a837217045c99392dab] COMMAND FindElements {
   "using": "css selector",
   "value": "input[type=text][name=username]"
}
[1562090611.900][INFO]: Waiting for pending navigations...
[1562090611.900][DEBUG]: DevTools WebSocket Command: Runtime.evaluate (id=45) B2111137A4A9955AEF02AF679EAE65A6 {
   "expression": "1"
}
[1562090611.901][DEBUG]: DevTools WebSocket Response: Runtime.evaluate (id=45) B2111137A4A9955AEF02AF679EAE65A6 {
   "result": {
      "description": "1",
      "type": "number",
      "value": 1
   }
}
[1562090611.901][INFO]: Done waiting for pending navigations. Status: ok
[1562090611.902][DEBUG]: DevTools WebSocket Command: Runtime.evaluate (id=46) B2111137A4A9955AEF02AF679EAE65A6 {
   "expression": "(function() { // Copyright (c) 2012 The Chromium Authors. All rights reserved.\n// Use of this source code is governed by a BSD-style license that can be\n// found in the LICENSE file.\n\n/**\n * Enum f...",
   "returnByValue": true
}
[1562090611.906][DEBUG]: DevTools WebSocket Response: Runtime.evaluate (id=46) B2111137A4A9955AEF02AF679EAE65A6 {
   "result": {
      "type": "object",
      "value": {
         "status": 0,
         "value": [ {
            "ELEMENT": "0.9935089306437261-3"
         } ]
      }
   }
}
[1562090611.906][INFO]: Waiting for pending navigations...
[1562090611.906][DEBUG]: DevTools WebSocket Command: Runtime.evaluate (id=47) B2111137A4A9955AEF02AF679EAE65A6 {
   "expression": "1"
}
[1562090611.907][DEBUG]: DevTools WebSocket Response: Runtime.evaluate (id=47) B2111137A4A9955AEF02AF679EAE65A6 {
   "result": {
      "description": "1",
      "type": "number",
      "value": 1
   }
}
[1562090611.907][INFO]: Done waiting for pending navigations. Status: ok
[1562090611.907][INFO]: [a0321e8fa0683a837217045c99392dab] RESPONSE FindElements [ {
   "ELEMENT": "0.9935089306437261-3"
} ]
[1562090611.908][INFO]: [a0321e8fa0683a837217045c99392dab] COMMAND TypeElement {
   "id": "0.9935089306437261-3",
   "value": [ "d", "e", "m", "o" ]
}
[1562090611.908][INFO]: Waiting for pending navigations...
[1562090611.908][DEBUG]: DevTools WebSocket Command: Runtime.evaluate (id=48) B2111137A4A9955AEF02AF679EAE65A6 {
   "expression": "1"
}
[1562090611.909][DEBUG]: DevTools WebSocket Response: Runtime.evaluate (id=48) B2111137A4A9955AEF02AF679EAE65A6 {
   "result": {
      "description": "1",
      "type": "number",
      "value": 1
   }
}
[1562090611.909][INFO]: Done waiting for pending navigations. Status: ok
[1562090611.909][DEBUG]: DevTools WebSocket Command: Runtime.evaluate (id=49) B2111137A4A9955AEF02AF679EAE65A6 {
   "expression": "(function() { // Copyright (c) 2012 The Chromium Authors. All rights reserved.\n// Use of this source code is governed by a BSD-style license that can be\n// found in the LICENSE file.\n\n/**\n * Enum f...",
   "returnByValue": true
}
[1562090611.911][DEBUG]: DevTools WebSocket Response: Runtime.evaluate (id=49) B2111137A4A9955AEF02AF679EAE65A6 {
   "result": {
      "type": "object",
      "value": {
         "status": 0,
         "value": "INPUT"
      }
   }
}
[1562090611.912][DEBUG]: DevTools WebSocket Command: Runtime.evaluate (id=50) B2111137A4A9955AEF02AF679EAE65A6 {
   "expression": "(function() { // Copyright (c) 2012 The Chromium Authors. All rights reserved.\n// Use of this source code is governed by a BSD-style license that can be\n// found in the LICENSE file.\n\n/**\n * Enum f...",
   "returnByValue": true
}
[1562090611.914][DEBUG]: DevTools WebSocket Response: Runtime.evaluate (id=50) B2111137A4A9955AEF02AF679EAE65A6 {
   "result": {
      "type": "object",
      "value": {
         "status": 0,
         "value": "text"
      }
   }
}
[1562090611.915][DEBUG]: DevTools WebSocket Command: Runtime.evaluate (id=51) B2111137A4A9955AEF02AF679EAE65A6 {
   "expression": "(function() { // Copyright (c) 2012 The Chromium Authors. All rights reserved.\n// Use of this source code is governed by a BSD-style license that can be\n// found in the LICENSE file.\n\n/**\n * Enum f...",
   "returnByValue": true
}
[1562090611.923][DEBUG]: DevTools WebSocket Response: Runtime.evaluate (id=51) B2111137A4A9955AEF02AF679EAE65A6 {
   "result": {
      "type": "object",
      "value": {
         "status": 0,
         "value": true
      }
   }
}
[1562090611.924][DEBUG]: DevTools WebSocket Command: Runtime.evaluate (id=52) B2111137A4A9955AEF02AF679EAE65A6 {
   "expression": "(function() { // Copyright (c) 2012 The Chromium Authors. All rights reserved.\n// Use of this source code is governed by a BSD-style license that can be\n// found in the LICENSE file.\n\n/**\n * Enum f...",
   "returnByValue": true
}
[1562090611.929][DEBUG]: DevTools WebSocket Response: Runtime.evaluate (id=52) B2111137A4A9955AEF02AF679EAE65A6 {
   "result": {
      "type": "object",
      "value": {
         "status": 0,
         "value": true
      }
   }
}
[1562090611.929][DEBUG]: DevTools WebSocket Command: Runtime.evaluate (id=53) B2111137A4A9955AEF02AF679EAE65A6 {
   "expression": "(function() { // Copyright (c) 2012 The Chromium Authors. All rights reserved.\n// Use of this source code is governed by a BSD-style license that can be\n// found in the LICENSE file.\n\n/**\n * Enum f...",
   "returnByValue": true
}
[1562090611.931][DEBUG]: DevTools WebSocket Response: Runtime.evaluate (id=53) B2111137A4A9955AEF02AF679EAE65A6 {
   "result": {
      "type": "object",
      "value": {
         "status": 0
      }
   }
}
[1562090611.933][DEBUG]: DevTools WebSocket Command: Input.dispatchKeyEvent (id=54) B2111137A4A9955AEF02AF679EAE65A6 {
   "code": "KeyD",
   "key": "d",
   "modifiers": 0,
   "text": "d",
   "type": "rawKeyDown",
   "unmodifiedText": "d",
   "windowsVirtualKeyCode": 68
}
[1562090611.933][DEBUG]: DevTools WebSocket Response: Input.dispatchKeyEvent (id=54) B2111137A4A9955AEF02AF679EAE65A6 {

}
[1562090611.933][DEBUG]: DevTools WebSocket Command: Input.dispatchKeyEvent (id=55) B2111137A4A9955AEF02AF679EAE65A6 {
   "code": "KeyD",
   "key": "d",
   "modifiers": 0,
   "text": "d",
   "type": "char",
   "unmodifiedText": "d",
   "windowsVirtualKeyCode": 68
}
[1562090611.936][DEBUG]: DevTools WebSocket Response: Input.dispatchKeyEvent (id=55) B2111137A4A9955AEF02AF679EAE65A6 {

}
[1562090611.937][DEBUG]: DevTools WebSocket Command: Input.dispatchKeyEvent (id=56) B2111137A4A9955AEF02AF679EAE65A6 {
   "code": "KeyD",
   "key": "d",
   "modifiers": 0,
   "text": "d",
   "type": "keyUp",
   "unmodifiedText": "d",
   "windowsVirtualKeyCode": 68
}
[1562090611.938][DEBUG]: DevTools WebSocket Response: Input.dispatchKeyEvent (id=56) B2111137A4A9955AEF02AF679EAE65A6 {

}
[1562090611.938][DEBUG]: DevTools WebSocket Command: Input.dispatchKeyEvent (id=57) B2111137A4A9955AEF02AF679EAE65A6 {
   "code": "KeyE",
   "key": "e",
   "modifiers": 0,
   "text": "e",
   "type": "rawKeyDown",
   "unmodifiedText": "e",
   "windowsVirtualKeyCode": 69
}
[1562090611.938][DEBUG]: DevTools WebSocket Response: Input.dispatchKeyEvent (id=57) B2111137A4A9955AEF02AF679EAE65A6 {

}
[1562090611.938][DEBUG]: DevTools WebSocket Command: Input.dispatchKeyEvent (id=58) B2111137A4A9955AEF02AF679EAE65A6 {
   "code": "KeyE",
   "key": "e",
   "modifiers": 0,
   "text": "e",
   "type": "char",
   "unmodifiedText": "e",
   "windowsVirtualKeyCode": 69
}
[1562090611.940][DEBUG]: DevTools WebSocket Response: Input.dispatchKeyEvent (id=58) B2111137A4A9955AEF02AF679EAE65A6 {

}
[1562090611.940][DEBUG]: DevTools WebSocket Command: Input.dispatchKeyEvent (id=59) B2111137A4A9955AEF02AF679EAE65A6 {
   "code": "KeyE",
   "key": "e",
   "modifiers": 0,
   "text": "e",
   "type": "keyUp",
   "unmodifiedText": "e",
   "windowsVirtualKeyCode": 69
}
[1562090611.941][DEBUG]: DevTools WebSocket Response: Input.dispatchKeyEvent (id=59) B2111137A4A9955AEF02AF679EAE65A6 {

}
[1562090611.941][DEBUG]: DevTools WebSocket Command: Input.dispatchKeyEvent (id=60) B2111137A4A9955AEF02AF679EAE65A6 {
   "code": "KeyM",
   "key": "m",
   "modifiers": 0,
   "text": "m",
   "type": "rawKeyDown",
   "unmodifiedText": "m",
   "windowsVirtualKeyCode": 77
}
[1562090611.941][DEBUG]: DevTools WebSocket Response: Input.dispatchKeyEvent (id=60) B2111137A4A9955AEF02AF679EAE65A6 {

}
[1562090611.942][DEBUG]: DevTools WebSocket Command: Input.dispatchKeyEvent (id=61) B2111137A4A9955AEF02AF679EAE65A6 {
   "code": "KeyM",
   "key": "m",
   "modifiers": 0,
   "text": "m",
   "type": "char",
   "unmodifiedText": "m",
   "windowsVirtualKeyCode": 77
}
[1562090611.944][DEBUG]: DevTools WebSocket Response: Input.dispatchKeyEvent (id=61) B2111137A4A9955AEF02AF679EAE65A6 {

}
[1562090611.944][DEBUG]: DevTools WebSocket Command: Input.dispatchKeyEvent (id=62) B2111137A4A9955AEF02AF679EAE65A6 {
   "code": "KeyM",
   "key": "m",
   "modifiers": 0,
   "text": "m",
   "type": "keyUp",
   "unmodifiedText": "m",
   "windowsVirtualKeyCode": 77
}
[1562090611.944][DEBUG]: DevTools WebSocket Response: Input.dispatchKeyEvent (id=62) B2111137A4A9955AEF02AF679EAE65A6 {

}
[1562090611.944][DEBUG]: DevTools WebSocket Command: Input.dispatchKeyEvent (id=63) B2111137A4A9955AEF02AF679EAE65A6 {
   "code": "KeyO",
   "key": "o",
   "modifiers": 0,
   "text": "o",
   "type": "rawKeyDown",
   "unmodifiedText": "o",
   "windowsVirtualKeyCode": 79
}
[1562090611.945][DEBUG]: DevTools WebSocket Response: Input.dispatchKeyEvent (id=63) B2111137A4A9955AEF02AF679EAE65A6 {

}
[1562090611.945][DEBUG]: DevTools WebSocket Command: Input.dispatchKeyEvent (id=64) B2111137A4A9955AEF02AF679EAE65A6 {
   "code": "KeyO",
   "key": "o",
   "modifiers": 0,
   "text": "o",
   "type": "char",
   "unmodifiedText": "o",
   "windowsVirtualKeyCode": 79
}
[1562090611.946][DEBUG]: DevTools WebSocket Response: Input.dispatchKeyEvent (id=64) B2111137A4A9955AEF02AF679EAE65A6 {

}
[1562090611.946][DEBUG]: DevTools WebSocket Command: Input.dispatchKeyEvent (id=65) B2111137A4A9955AEF02AF679EAE65A6 {
   "code": "KeyO",
   "key": "o",
   "modifiers": 0,
   "text": "o",
   "type": "keyUp",
   "unmodifiedText": "o",
   "windowsVirtualKeyCode": 79
}
[1562090611.946][DEBUG]: DevTools WebSocket Response: Input.dispatchKeyEvent (id=65) B2111137A4A9955AEF02AF679EAE65A6 {

}
[1562090611.946][INFO]: Waiting for pending navigations...
[1562090611.946][DEBUG]: DevTools WebSocket Command: Runtime.evaluate (id=66) B2111137A4A9955AEF02AF679EAE65A6 {
   "expression": "1"
}
[1562090611.946][DEBUG]: DevTools WebSocket Response: Runtime.evaluate (id=66) B2111137A4A9955AEF02AF679EAE65A6 {
   "result": {
      "description": "1",
      "type": "number",
      "value": 1
   }
}
[1562090611.946][INFO]: Done waiting for pending navigations. Status: ok
[1562090611.946][INFO]: [a0321e8fa0683a837217045c99392dab] RESPONSE TypeElement
[1562090611.948][INFO]: [a0321e8fa0683a837217045c99392dab] COMMAND FindElements {
   "using": "css selector",
   "value": "input[type=password][name=password]"
}
[1562090611.948][INFO]: Waiting for pending navigations...
[1562090611.948][DEBUG]: DevTools WebSocket Command: Runtime.evaluate (id=67) B2111137A4A9955AEF02AF679EAE65A6 {
   "expression": "1"
}
[1562090611.948][DEBUG]: DevTools WebSocket Response: Runtime.evaluate (id=67) B2111137A4A9955AEF02AF679EAE65A6 {
   "result": {
      "description": "1",
      "type": "number",
      "value": 1
   }
}
[1562090611.948][INFO]: Done waiting for pending navigations. Status: ok
[1562090611.950][DEBUG]: DevTools WebSocket Command: Runtime.evaluate (id=68) B2111137A4A9955AEF02AF679EAE65A6 {
   "expression": "(function() { // Copyright (c) 2012 The Chromium Authors. All rights reserved.\n// Use of this source code is governed by a BSD-style license that can be\n// found in the LICENSE file.\n\n/**\n * Enum f...",
   "returnByValue": true
}
[1562090611.953][DEBUG]: DevTools WebSocket Response: Runtime.evaluate (id=68) B2111137A4A9955AEF02AF679EAE65A6 {
   "result": {
      "type": "object",
      "value": {
         "status": 0,
         "value": [ {
            "ELEMENT": "0.9935089306437261-4"
         } ]
      }
   }
}
[1562090611.953][INFO]: Waiting for pending navigations...
[1562090611.953][DEBUG]: DevTools WebSocket Command: Runtime.evaluate (id=69) B2111137A4A9955AEF02AF679EAE65A6 {
   "expression": "1"
}
[1562090611.954][DEBUG]: DevTools WebSocket Response: Runtime.evaluate (id=69) B2111137A4A9955AEF02AF679EAE65A6 {
   "result": {
      "description": "1",
      "type": "number",
      "value": 1
   }
}
[1562090611.954][INFO]: Done waiting for pending navigations. Status: ok
[1562090611.954][INFO]: [a0321e8fa0683a837217045c99392dab] RESPONSE FindElements [ {
   "ELEMENT": "0.9935089306437261-4"
} ]
[1562090611.955][INFO]: [a0321e8fa0683a837217045c99392dab] COMMAND TypeElement {
   "id": "0.9935089306437261-4",
   "value": [ "1", "2", "3", "1", "2", "3" ]
}
[1562090611.955][INFO]: Waiting for pending navigations...
[1562090611.955][DEBUG]: DevTools WebSocket Command: Runtime.evaluate (id=70) B2111137A4A9955AEF02AF679EAE65A6 {
   "expression": "1"
}
[1562090611.956][DEBUG]: DevTools WebSocket Response: Runtime.evaluate (id=70) B2111137A4A9955AEF02AF679EAE65A6 {
   "result": {
      "description": "1",
      "type": "number",
      "value": 1
   }
}
[1562090611.956][INFO]: Done waiting for pending navigations. Status: ok
[1562090611.956][DEBUG]: DevTools WebSocket Command: Runtime.evaluate (id=71) B2111137A4A9955AEF02AF679EAE65A6 {
   "expression": "(function() { // Copyright (c) 2012 The Chromium Authors. All rights reserved.\n// Use of this source code is governed by a BSD-style license that can be\n// found in the LICENSE file.\n\n/**\n * Enum f...",
   "returnByValue": true
}
[1562090611.959][DEBUG]: DevTools WebSocket Response: Runtime.evaluate (id=71) B2111137A4A9955AEF02AF679EAE65A6 {
   "result": {
      "type": "object",
      "value": {
         "status": 0,
         "value": "INPUT"
      }
   }
}
[1562090611.959][DEBUG]: DevTools WebSocket Command: Runtime.evaluate (id=72) B2111137A4A9955AEF02AF679EAE65A6 {
   "expression": "(function() { // Copyright (c) 2012 The Chromium Authors. All rights reserved.\n// Use of this source code is governed by a BSD-style license that can be\n// found in the LICENSE file.\n\n/**\n * Enum f...",
   "returnByValue": true
}
[1562090611.961][DEBUG]: DevTools WebSocket Response: Runtime.evaluate (id=72) B2111137A4A9955AEF02AF679EAE65A6 {
   "result": {
      "type": "object",
      "value": {
         "status": 0,
         "value": "password"
      }
   }
}
[1562090611.963][DEBUG]: DevTools WebSocket Command: Runtime.evaluate (id=73) B2111137A4A9955AEF02AF679EAE65A6 {
   "expression": "(function() { // Copyright (c) 2012 The Chromium Authors. All rights reserved.\n// Use of this source code is governed by a BSD-style license that can be\n// found in the LICENSE file.\n\n/**\n * Enum f...",
   "returnByValue": true
}
[1562090611.971][DEBUG]: DevTools WebSocket Response: Runtime.evaluate (id=73) B2111137A4A9955AEF02AF679EAE65A6 {
   "result": {
      "type": "object",
      "value": {
         "status": 0,
         "value": true
      }
   }
}
[1562090611.972][DEBUG]: DevTools WebSocket Command: Runtime.evaluate (id=74) B2111137A4A9955AEF02AF679EAE65A6 {
   "expression": "(function() { // Copyright (c) 2012 The Chromium Authors. All rights reserved.\n// Use of this source code is governed by a BSD-style license that can be\n// found in the LICENSE file.\n\n/**\n * Enum f...",
   "returnByValue": true
}
[1562090611.977][DEBUG]: DevTools WebSocket Response: Runtime.evaluate (id=74) B2111137A4A9955AEF02AF679EAE65A6 {
   "result": {
      "type": "object",
      "value": {
         "status": 0,
         "value": true
      }
   }
}
[1562090611.978][DEBUG]: DevTools WebSocket Command: Runtime.evaluate (id=75) B2111137A4A9955AEF02AF679EAE65A6 {
   "expression": "(function() { // Copyright (c) 2012 The Chromium Authors. All rights reserved.\n// Use of this source code is governed by a BSD-style license that can be\n// found in the LICENSE file.\n\n/**\n * Enum f...",
   "returnByValue": true
}
[1562090611.980][DEBUG]: DevTools WebSocket Response: Runtime.evaluate (id=75) B2111137A4A9955AEF02AF679EAE65A6 {
   "result": {
      "type": "object",
      "value": {
         "status": 0
      }
   }
}
[1562090611.980][DEBUG]: DevTools WebSocket Command: Input.dispatchKeyEvent (id=76) B2111137A4A9955AEF02AF679EAE65A6 {
   "code": "Digit1",
   "key": "1",
   "modifiers": 0,
   "text": "1",
   "type": "rawKeyDown",
   "unmodifiedText": "1",
   "windowsVirtualKeyCode": 49
}
[1562090611.980][DEBUG]: DevTools WebSocket Response: Input.dispatchKeyEvent (id=76) B2111137A4A9955AEF02AF679EAE65A6 {

}
[1562090611.980][DEBUG]: DevTools WebSocket Command: Input.dispatchKeyEvent (id=77) B2111137A4A9955AEF02AF679EAE65A6 {
   "code": "Digit1",
   "key": "1",
   "modifiers": 0,
   "text": "1",
   "type": "char",
   "unmodifiedText": "1",
   "windowsVirtualKeyCode": 49
}
[1562090611.982][DEBUG]: DevTools WebSocket Response: Input.dispatchKeyEvent (id=77) B2111137A4A9955AEF02AF679EAE65A6 {

}
[1562090611.982][DEBUG]: DevTools WebSocket Command: Input.dispatchKeyEvent (id=78) B2111137A4A9955AEF02AF679EAE65A6 {
   "code": "Digit1",
   "key": "1",
   "modifiers": 0,
   "text": "1",
   "type": "keyUp",
   "unmodifiedText": "1",
   "windowsVirtualKeyCode": 49
}
[1562090611.983][DEBUG]: DevTools WebSocket Response: Input.dispatchKeyEvent (id=78) B2111137A4A9955AEF02AF679EAE65A6 {

}
[1562090611.983][DEBUG]: DevTools WebSocket Command: Input.dispatchKeyEvent (id=79) B2111137A4A9955AEF02AF679EAE65A6 {
   "code": "Digit2",
   "key": "2",
   "modifiers": 0,
   "text": "2",
   "type": "rawKeyDown",
   "unmodifiedText": "2",
   "windowsVirtualKeyCode": 50
}
[1562090611.983][DEBUG]: DevTools WebSocket Response: Input.dispatchKeyEvent (id=79) B2111137A4A9955AEF02AF679EAE65A6 {

}
[1562090611.983][DEBUG]: DevTools WebSocket Command: Input.dispatchKeyEvent (id=80) B2111137A4A9955AEF02AF679EAE65A6 {
   "code": "Digit2",
   "key": "2",
   "modifiers": 0,
   "text": "2",
   "type": "char",
   "unmodifiedText": "2",
   "windowsVirtualKeyCode": 50
}
[1562090611.984][DEBUG]: DevTools WebSocket Response: Input.dispatchKeyEvent (id=80) B2111137A4A9955AEF02AF679EAE65A6 {

}
[1562090611.984][DEBUG]: DevTools WebSocket Command: Input.dispatchKeyEvent (id=81) B2111137A4A9955AEF02AF679EAE65A6 {
   "code": "Digit2",
   "key": "2",
   "modifiers": 0,
   "text": "2",
   "type": "keyUp",
   "unmodifiedText": "2",
   "windowsVirtualKeyCode": 50
}
[1562090611.985][DEBUG]: DevTools WebSocket Response: Input.dispatchKeyEvent (id=81) B2111137A4A9955AEF02AF679EAE65A6 {

}
[1562090611.985][DEBUG]: DevTools WebSocket Command: Input.dispatchKeyEvent (id=82) B2111137A4A9955AEF02AF679EAE65A6 {
   "code": "Digit3",
   "key": "3",
   "modifiers": 0,
   "text": "3",
   "type": "rawKeyDown",
   "unmodifiedText": "3",
   "windowsVirtualKeyCode": 51
}
[1562090611.985][DEBUG]: DevTools WebSocket Response: Input.dispatchKeyEvent (id=82) B2111137A4A9955AEF02AF679EAE65A6 {

}
[1562090611.985][DEBUG]: DevTools WebSocket Command: Input.dispatchKeyEvent (id=83) B2111137A4A9955AEF02AF679EAE65A6 {
   "code": "Digit3",
   "key": "3",
   "modifiers": 0,
   "text": "3",
   "type": "char",
   "unmodifiedText": "3",
   "windowsVirtualKeyCode": 51
}
[1562090611.987][DEBUG]: DevTools WebSocket Response: Input.dispatchKeyEvent (id=83) B2111137A4A9955AEF02AF679EAE65A6 {

}
[1562090611.987][DEBUG]: DevTools WebSocket Command: Input.dispatchKeyEvent (id=84) B2111137A4A9955AEF02AF679EAE65A6 {
   "code": "Digit3",
   "key": "3",
   "modifiers": 0,
   "text": "3",
   "type": "keyUp",
   "unmodifiedText": "3",
   "windowsVirtualKeyCode": 51
}
[1562090611.987][DEBUG]: DevTools WebSocket Response: Input.dispatchKeyEvent (id=84) B2111137A4A9955AEF02AF679EAE65A6 {

}
[1562090611.987][DEBUG]: DevTools WebSocket Command: Input.dispatchKeyEvent (id=85) B2111137A4A9955AEF02AF679EAE65A6 {
   "code": "Digit1",
   "key": "1",
   "modifiers": 0,
   "text": "1",
   "type": "rawKeyDown",
   "unmodifiedText": "1",
   "windowsVirtualKeyCode": 49
}
[1562090611.988][DEBUG]: DevTools WebSocket Response: Input.dispatchKeyEvent (id=85) B2111137A4A9955AEF02AF679EAE65A6 {

}
[1562090611.988][DEBUG]: DevTools WebSocket Command: Input.dispatchKeyEvent (id=86) B2111137A4A9955AEF02AF679EAE65A6 {
   "code": "Digit1",
   "key": "1",
   "modifiers": 0,
   "text": "1",
   "type": "char",
   "unmodifiedText": "1",
   "windowsVirtualKeyCode": 49
}
[1562090611.989][DEBUG]: DevTools WebSocket Response: Input.dispatchKeyEvent (id=86) B2111137A4A9955AEF02AF679EAE65A6 {

}
[1562090611.989][DEBUG]: DevTools WebSocket Command: Input.dispatchKeyEvent (id=87) B2111137A4A9955AEF02AF679EAE65A6 {
   "code": "Digit1",
   "key": "1",
   "modifiers": 0,
   "text": "1",
   "type": "keyUp",
   "unmodifiedText": "1",
   "windowsVirtualKeyCode": 49
}
[1562090611.990][DEBUG]: DevTools WebSocket Response: Input.dispatchKeyEvent (id=87) B2111137A4A9955AEF02AF679EAE65A6 {

}
[1562090611.990][DEBUG]: DevTools WebSocket Command: Input.dispatchKeyEvent (id=88) B2111137A4A9955AEF02AF679EAE65A6 {
   "code": "Digit2",
   "key": "2",
   "modifiers": 0,
   "text": "2",
   "type": "rawKeyDown",
   "unmodifiedText": "2",
   "windowsVirtualKeyCode": 50
}
[1562090611.991][DEBUG]: DevTools WebSocket Response: Input.dispatchKeyEvent (id=88) B2111137A4A9955AEF02AF679EAE65A6 {

}
[1562090611.991][DEBUG]: DevTools WebSocket Command: Input.dispatchKeyEvent (id=89) B2111137A4A9955AEF02AF679EAE65A6 {
   "code": "Digit2",
   "key": "2",
   "modifiers": 0,
   "text": "2",
   "type": "char",
   "unmodifiedText": "2",
   "windowsVirtualKeyCode": 50
}
[1562090611.992][DEBUG]: DevTools WebSocket Response: Input.dispatchKeyEvent (id=89) B2111137A4A9955AEF02AF679EAE65A6 {

}
[1562090611.992][DEBUG]: DevTools WebSocket Command: Input.dispatchKeyEvent (id=90) B2111137A4A9955AEF02AF679EAE65A6 {
   "code": "Digit2",
   "key": "2",
   "modifiers": 0,
   "text": "2",
   "type": "keyUp",
   "unmodifiedText": "2",
   "windowsVirtualKeyCode": 50
}
[1562090611.993][DEBUG]: DevTools WebSocket Response: Input.dispatchKeyEvent (id=90) B2111137A4A9955AEF02AF679EAE65A6 {

}
[1562090611.993][DEBUG]: DevTools WebSocket Command: Input.dispatchKeyEvent (id=91) B2111137A4A9955AEF02AF679EAE65A6 {
   "code": "Digit3",
   "key": "3",
   "modifiers": 0,
   "text": "3",
   "type": "rawKeyDown",
   "unmodifiedText": "3",
   "windowsVirtualKeyCode": 51
}
[1562090611.994][DEBUG]: DevTools WebSocket Response: Input.dispatchKeyEvent (id=91) B2111137A4A9955AEF02AF679EAE65A6 {

}
[1562090611.994][DEBUG]: DevTools WebSocket Command: Input.dispatchKeyEvent (id=92) B2111137A4A9955AEF02AF679EAE65A6 {
   "code": "Digit3",
   "key": "3",
   "modifiers": 0,
   "text": "3",
   "type": "char",
   "unmodifiedText": "3",
   "windowsVirtualKeyCode": 51
}
[1562090611.995][DEBUG]: DevTools WebSocket Response: Input.dispatchKeyEvent (id=92) B2111137A4A9955AEF02AF679EAE65A6 {

}
[1562090611.995][DEBUG]: DevTools WebSocket Command: Input.dispatchKeyEvent (id=93) B2111137A4A9955AEF02AF679EAE65A6 {
   "code": "Digit3",
   "key": "3",
   "modifiers": 0,
   "text": "3",
   "type": "keyUp",
   "unmodifiedText": "3",
   "windowsVirtualKeyCode": 51
}
[1562090611.996][DEBUG]: DevTools WebSocket Response: Input.dispatchKeyEvent (id=93) B2111137A4A9955AEF02AF679EAE65A6 {

}
[1562090611.996][INFO]: Waiting for pending navigations...
[1562090611.996][DEBUG]: DevTools WebSocket Command: Runtime.evaluate (id=94) B2111137A4A9955AEF02AF679EAE65A6 {
   "expression": "1"
}
[1562090611.996][DEBUG]: DevTools WebSocket Response: Runtime.evaluate (id=94) B2111137A4A9955AEF02AF679EAE65A6 {
   "result": {
      "description": "1",
      "type": "number",
      "value": 1
   }
}
[1562090611.996][INFO]: Done waiting for pending navigations. Status: ok
[1562090611.996][INFO]: [a0321e8fa0683a837217045c99392dab] RESPONSE TypeElement
[1562090611.997][INFO]: [a0321e8fa0683a837217045c99392dab] COMMAND FindElements {
   "using": "css selector",
   "value": "button[type=submit]"
}
[1562090611.997][INFO]: Waiting for pending navigations...
[1562090611.997][DEBUG]: DevTools WebSocket Command: Runtime.evaluate (id=95) B2111137A4A9955AEF02AF679EAE65A6 {
   "expression": "1"
}
[1562090611.998][DEBUG]: DevTools WebSocket Response: Runtime.evaluate (id=95) B2111137A4A9955AEF02AF679EAE65A6 {
   "result": {
      "description": "1",
      "type": "number",
      "value": 1
   }
}
[1562090611.998][INFO]: Done waiting for pending navigations. Status: ok
[1562090612.000][DEBUG]: DevTools WebSocket Command: Runtime.evaluate (id=96) B2111137A4A9955AEF02AF679EAE65A6 {
   "expression": "(function() { // Copyright (c) 2012 The Chromium Authors. All rights reserved.\n// Use of this source code is governed by a BSD-style license that can be\n// found in the LICENSE file.\n\n/**\n * Enum f...",
   "returnByValue": true
}
[1562090612.008][DEBUG]: DevTools WebSocket Response: Runtime.evaluate (id=96) B2111137A4A9955AEF02AF679EAE65A6 {
   "result": {
      "type": "object",
      "value": {
         "status": 0,
         "value": [ {
            "ELEMENT": "0.9935089306437261-5"
         } ]
      }
   }
}
[1562090612.008][INFO]: Waiting for pending navigations...
[1562090612.008][DEBUG]: DevTools WebSocket Command: Runtime.evaluate (id=97) B2111137A4A9955AEF02AF679EAE65A6 {
   "expression": "1"
}
[1562090612.009][DEBUG]: DevTools WebSocket Response: Runtime.evaluate (id=97) B2111137A4A9955AEF02AF679EAE65A6 {
   "result": {
      "description": "1",
      "type": "number",
      "value": 1
   }
}
[1562090612.009][INFO]: Done waiting for pending navigations. Status: ok
[1562090612.009][INFO]: [a0321e8fa0683a837217045c99392dab] RESPONSE FindElements [ {
   "ELEMENT": "0.9935089306437261-5"
} ]
[1562090612.010][INFO]: [a0321e8fa0683a837217045c99392dab] COMMAND ClickElement {
   "id": "0.9935089306437261-5"
}
[1562090612.010][INFO]: Waiting for pending navigations...
[1562090612.010][DEBUG]: DevTools WebSocket Command: Runtime.evaluate (id=98) B2111137A4A9955AEF02AF679EAE65A6 {
   "expression": "1"
}
[1562090612.011][DEBUG]: DevTools WebSocket Response: Runtime.evaluate (id=98) B2111137A4A9955AEF02AF679EAE65A6 {
   "result": {
      "description": "1",
      "type": "number",
      "value": 1
   }
}
[1562090612.011][INFO]: Done waiting for pending navigations. Status: ok
[1562090612.011][DEBUG]: DevTools WebSocket Command: Runtime.evaluate (id=99) B2111137A4A9955AEF02AF679EAE65A6 {
   "expression": "(function() { // Copyright (c) 2012 The Chromium Authors. All rights reserved.\n// Use of this source code is governed by a BSD-style license that can be\n// found in the LICENSE file.\n\n/**\n * Enum f...",
   "returnByValue": true
}
[1562090612.013][DEBUG]: DevTools WebSocket Response: Runtime.evaluate (id=99) B2111137A4A9955AEF02AF679EAE65A6 {
   "result": {
      "type": "object",
      "value": {
         "status": 0,
         "value": "button"
      }
   }
}
[1562090612.013][DEBUG]: DevTools WebSocket Command: Runtime.evaluate (id=100) B2111137A4A9955AEF02AF679EAE65A6 {
   "expression": "(function() { // Copyright (c) 2012 The Chromium Authors. All rights reserved.\n// Use of this source code is governed by a BSD-style license that can be\n// found in the LICENSE file.\n\n/**\n * Enum f...",
   "returnByValue": true
}
[1562090612.014][DEBUG]: DevTools WebSocket Response: Runtime.evaluate (id=100) B2111137A4A9955AEF02AF679EAE65A6 {
   "result": {
      "type": "object",
      "value": {
         "status": 0,
         "value": "button"
      }
   }
}
[1562090612.015][DEBUG]: DevTools WebSocket Command: Runtime.evaluate (id=101) B2111137A4A9955AEF02AF679EAE65A6 {
   "expression": "(function() { // Copyright (c) 2012 The Chromium Authors. All rights reserved.\n// Use of this source code is governed by a BSD-style license that can be\n// found in the LICENSE file.\n\n/**\n * Enum f...",
   "returnByValue": true
}
[1562090612.023][DEBUG]: DevTools WebSocket Response: Runtime.evaluate (id=101) B2111137A4A9955AEF02AF679EAE65A6 {
   "result": {
      "type": "object",
      "value": {
         "status": 0,
         "value": true
      }
   }
}
[1562090612.024][DEBUG]: DevTools WebSocket Command: Runtime.evaluate (id=102) B2111137A4A9955AEF02AF679EAE65A6 {
   "expression": "(function() { // Copyright (c) 2012 The Chromium Authors. All rights reserved.\n// Use of this source code is governed by a BSD-style license that can be\n// found in the LICENSE file.\n\n/**\n * Enum f...",
   "returnByValue": true
}
[1562090612.026][DEBUG]: DevTools WebSocket Response: Runtime.evaluate (id=102) B2111137A4A9955AEF02AF679EAE65A6 {
   "result": {
      "type": "object",
      "value": {
         "status": 0,
         "value": {
            "height": 21,
            "left": 0,
            "top": 0,
            "width": 48.625
         }
      }
   }
}
[1562090612.027][DEBUG]: DevTools WebSocket Command: Runtime.evaluate (id=103) B2111137A4A9955AEF02AF679EAE65A6 {
   "expression": "(function() { // Copyright (c) 2012 The Chromium Authors. All rights reserved.\n// Use of this source code is governed by a BSD-style license that can be\n// found in the LICENSE file.\n\n/**\n * Enum f...",
   "returnByValue": true
}
[1562090612.034][DEBUG]: DevTools WebSocket Response: Runtime.evaluate (id=103) B2111137A4A9955AEF02AF679EAE65A6 {
   "result": {
      "type": "object",
      "value": {
         "status": 0,
         "value": {
            "ceil": {

            },
            "clone": {

            },
            "floor": {

            },
            "round": {

            },
            "scale": {

            },
            "toString": {

            },
            "translate": {

            },
            "x": 8,
            "y": 275.875
         }
      }
   }
}
[1562090612.035][DEBUG]: DevTools WebSocket Command: Runtime.evaluate (id=104) B2111137A4A9955AEF02AF679EAE65A6 {
   "expression": "(function() { // Copyright (c) 2012 The Chromium Authors. All rights reserved.\n// Use of this source code is governed by a BSD-style license that can be\n// found in the LICENSE file.\n\n/**\n * Enum f...",
   "returnByValue": true
}
[1562090612.040][DEBUG]: DevTools WebSocket Response: Runtime.evaluate (id=104) B2111137A4A9955AEF02AF679EAE65A6 {
   "result": {
      "type": "object",
      "value": {
         "status": 0,
         "value": {
            "clickable": true
         }
      }
   }
}
[1562090612.040][DEBUG]: DevTools WebSocket Command: Input.dispatchMouseEvent (id=105) B2111137A4A9955AEF02AF679EAE65A6 {
   "button": "none",
   "buttons": 0,
   "clickCount": 0,
   "modifiers": 0,
   "pointerType": "mouse",
   "type": "mouseMoved",
   "x": 32,
   "y": 285
}
[1562090612.056][DEBUG]: DevTools WebSocket Response: Input.dispatchMouseEvent (id=105) B2111137A4A9955AEF02AF679EAE65A6 {

}
[1562090612.056][DEBUG]: DevTools WebSocket Command: Input.dispatchMouseEvent (id=106) B2111137A4A9955AEF02AF679EAE65A6 {
   "button": "left",
   "buttons": 0,
   "clickCount": 1,
   "modifiers": 0,
   "pointerType": "mouse",
   "type": "mousePressed",
   "x": 32,
   "y": 285
}
[1562090612.057][DEBUG]: DevTools WebSocket Response: Input.dispatchMouseEvent (id=106) B2111137A4A9955AEF02AF679EAE65A6 {

}
[1562090612.057][DEBUG]: DevTools WebSocket Command: Input.dispatchMouseEvent (id=107) B2111137A4A9955AEF02AF679EAE65A6 {
   "button": "left",
   "buttons": 1,
   "clickCount": 1,
   "modifiers": 0,
   "pointerType": "mouse",
   "type": "mouseReleased",
   "x": 32,
   "y": 285
}
[1562090612.061][DEBUG]: DevTools WebSocket Response: Input.dispatchMouseEvent (id=107) B2111137A4A9955AEF02AF679EAE65A6 {

}
[1562090612.061][INFO]: Waiting for pending navigations...
[1562090612.061][DEBUG]: DevTools WebSocket Command: Runtime.evaluate (id=108) B2111137A4A9955AEF02AF679EAE65A6 {
   "expression": "1"
}
[1562090612.062][DEBUG]: DevTools WebSocket Response: Runtime.evaluate (id=108) B2111137A4A9955AEF02AF679EAE65A6 {
   "result": {
      "description": "1",
      "type": "number",
      "value": 1
   }
}
[1562090612.062][INFO]: Done waiting for pending navigations. Status: ok
[1562090612.062][INFO]: [a0321e8fa0683a837217045c99392dab] RESPONSE ClickElement
[1562090613.068][INFO]: [a0321e8fa0683a837217045c99392dab] COMMAND FindElements {
   "using": "css selector",
   "value": "h2"
}
[1562090613.068][INFO]: Waiting for pending navigations...
[1562090613.068][DEBUG]: DevTools WebSocket Command: Runtime.evaluate (id=109) B2111137A4A9955AEF02AF679EAE65A6 {
   "expression": "1"
}
[1562090613.070][DEBUG]: DevTools WebSocket Response: Runtime.evaluate (id=109) B2111137A4A9955AEF02AF679EAE65A6 {
   "result": {
      "description": "1",
      "type": "number",
      "value": 1
   }
}
[1562090613.070][INFO]: Done waiting for pending navigations. Status: ok
[1562090613.076][DEBUG]: DevTools WebSocket Command: Runtime.evaluate (id=110) B2111137A4A9955AEF02AF679EAE65A6 {
   "expression": "(function() { // Copyright (c) 2012 The Chromium Authors. All rights reserved.\n// Use of this source code is governed by a BSD-style license that can be\n// found in the LICENSE file.\n\n/**\n * Enum f...",
   "returnByValue": true
}
[1562090613.098][DEBUG]: DevTools WebSocket Response: Runtime.evaluate (id=110) B2111137A4A9955AEF02AF679EAE65A6 {
   "result": {
      "type": "object",
      "value": {
         "status": 0,
         "value": [ {
            "ELEMENT": "0.9935089306437261-6"
         } ]
      }
   }
}
[1562090613.099][INFO]: Waiting for pending navigations...
[1562090613.099][DEBUG]: DevTools WebSocket Command: Runtime.evaluate (id=111) B2111137A4A9955AEF02AF679EAE65A6 {
   "expression": "1"
}
[1562090613.100][DEBUG]: DevTools WebSocket Response: Runtime.evaluate (id=111) B2111137A4A9955AEF02AF679EAE65A6 {
   "result": {
      "description": "1",
      "type": "number",
      "value": 1
   }
}
[1562090613.100][INFO]: Done waiting for pending navigations. Status: ok
[1562090613.100][INFO]: [a0321e8fa0683a837217045c99392dab] RESPONSE FindElements [ {
   "ELEMENT": "0.9935089306437261-6"
} ]
[1562090613.103][INFO]: [a0321e8fa0683a837217045c99392dab] COMMAND GetElementText {
   "id": "0.9935089306437261-6"
}
[1562090613.103][INFO]: Waiting for pending navigations...
[1562090613.103][DEBUG]: DevTools WebSocket Command: Runtime.evaluate (id=112) B2111137A4A9955AEF02AF679EAE65A6 {
   "expression": "1"
}
[1562090613.104][DEBUG]: DevTools WebSocket Response: Runtime.evaluate (id=112) B2111137A4A9955AEF02AF679EAE65A6 {
   "result": {
      "description": "1",
      "type": "number",
      "value": 1
   }
}
[1562090613.104][INFO]: Done waiting for pending navigations. Status: ok
[1562090613.110][DEBUG]: DevTools WebSocket Command: Runtime.evaluate (id=113) B2111137A4A9955AEF02AF679EAE65A6 {
   "expression": "(function() { // Copyright (c) 2012 The Chromium Authors. All rights reserved.\n// Use of this source code is governed by a BSD-style license that can be\n// found in the LICENSE file.\n\n/**\n * Enum f...",
   "returnByValue": true
}
[1562090613.137][DEBUG]: DevTools WebSocket Response: Runtime.evaluate (id=113) B2111137A4A9955AEF02AF679EAE65A6 {
   "result": {
      "type": "object",
      "value": {
         "status": 0,
         "value": "Hello Alexandre!"
      }
   }
}
[1562090613.137][INFO]: Waiting for pending navigations...
[1562090613.137][DEBUG]: DevTools WebSocket Command: Runtime.evaluate (id=114) B2111137A4A9955AEF02AF679EAE65A6 {
   "expression": "1"
}
[1562090613.139][DEBUG]: DevTools WebSocket Response: Runtime.evaluate (id=114) B2111137A4A9955AEF02AF679EAE65A6 {
   "result": {
      "description": "1",
      "type": "number",
      "value": 1
   }
}
[1562090613.139][INFO]: Done waiting for pending navigations. Status: ok
[1562090613.139][INFO]: [a0321e8fa0683a837217045c99392dab] RESPONSE GetElementText "Hello Alexandre!"
[1562090613.143][INFO]: [a0321e8fa0683a837217045c99392dab] COMMAND Quit {

}
[1562090613.194][INFO]: [a0321e8fa0683a837217045c99392dab] RESPONSE Quit
[1562090613.194][DEBUG]: Log type 'driver' lost 0 entries on destruction
[1562090613.194][DEBUG]: Log type 'browser' lost 0 entries on destruction
